<?xml version="1.0" encoding="UTF-8" ?>
<testsuite failures="0" time="0.006" errors="0" skipped="0" tests="5" name="com.tinkerpop.rexster.kibbles.sample.ParametersExtensionTest">
  <properties>
    <property name="java.vendor" value="Sun Microsystems Inc."/>
    <property name="env.SESSION_MANAGER" value="local/ubuntu:@/tmp/.ICE-unix/1588,unix/ubuntu:/tmp/.ICE-unix/1588"/>
    <property name="env.LESSOPEN" value="| /usr/bin/lesspipe %s"/>
    <property name="localRepository" value="/home/smallette/.m2/repository"/>
    <property name="sun.java.launcher" value="SUN_STANDARD"/>
    <property name="sun.management.compiler" value="HotSpot 64-Bit Tiered Compilers"/>
    <property name="os.name" value="Linux"/>
    <property name="sun.boot.class.path" value="/usr/lib/jvm/java-6-sun-1.6.0.26/jre/lib/resources.jar:/usr/lib/jvm/java-6-sun-1.6.0.26/jre/lib/rt.jar:/usr/lib/jvm/java-6-sun-1.6.0.26/jre/lib/sunrsasign.jar:/usr/lib/jvm/java-6-sun-1.6.0.26/jre/lib/jsse.jar:/usr/lib/jvm/java-6-sun-1.6.0.26/jre/lib/jce.jar:/usr/lib/jvm/java-6-sun-1.6.0.26/jre/lib/charsets.jar:/usr/lib/jvm/java-6-sun-1.6.0.26/jre/lib/modules/jdk.boot.jar:/usr/lib/jvm/java-6-sun-1.6.0.26/jre/classes"/>
    <property name="env.PWD" value="/home/smallette/git/rexster"/>
    <property name="env.XDG_SESSION_COOKIE" value="af9ee99e00b5a477b633461900000006-1329266196.716256-1633572541"/>
    <property name="sun.desktop" value="gnome"/>
    <property name="env.LANG" value="en_US.UTF-8"/>
    <property name="java.vm.specification.vendor" value="Sun Microsystems Inc."/>
    <property name="java.runtime.version" value="1.6.0_26-b03"/>
    <property name="env.DEFAULTS_PATH" value="/usr/share/gconf/gnome.default.path"/>
    <property name="env.DISPLAY" value=":0.0"/>
    <property name="user.name" value="smallette"/>
    <property name="env._" value="/usr/bin/mvn"/>
    <property name="env.USER" value="smallette"/>
    <property name="env.SHELL" value="/bin/bash"/>
    <property name="env.DESKTOP_SESSION" value="gnome"/>
    <property name="env.XDG_DATA_DIRS" value="/usr/share/gnome:/usr/local/share/:/usr/share/"/>
    <property name="env.NLSPATH" value="/usr/dt/lib/nls/msg/%L/%N.cat"/>
    <property name="env.PATH" value="/usr/local/sbin:/usr/local/bin:/usr/sbin:/usr/bin:/sbin:/bin:/usr/games"/>
    <property name="user.language" value="en"/>
    <property name="sun.boot.library.path" value="/usr/lib/jvm/java-6-sun-1.6.0.26/jre/lib/amd64"/>
    <property name="classworlds.conf" value="/usr/local/apache-maven-3.0.3/bin/m2.conf"/>
    <property name="java.version" value="1.6.0_26"/>
    <property name="user.timezone" value=""/>
    <property name="env.DBUS_SESSION_BUS_ADDRESS" value="unix:abstract=/tmp/dbus-SKtBzcZqgD,guid=8a71caa2368d17de4218270a00000021"/>
    <property name="sun.arch.data.model" value="64"/>
    <property name="env.COMPIZ_CONFIG_PROFILE" value="ubuntu"/>
    <property name="env.SSH_AGENT_PID" value="1621"/>
    <property name="java.endorsed.dirs" value="/usr/lib/jvm/java-6-sun-1.6.0.26/jre/lib/endorsed"/>
    <property name="sun.cpu.isalist" value=""/>
    <property name="sun.jnu.encoding" value="UTF-8"/>
    <property name="file.encoding.pkg" value="sun.io"/>
    <property name="env.SHLVL" value="1"/>
    <property name="file.separator" value="/"/>
    <property name="java.specification.name" value="Java Platform API Specification"/>
    <property name="env.GNOME_DESKTOP_SESSION_ID" value="this-is-deprecated"/>
    <property name="java.class.version" value="50.0"/>
    <property name="env.GDMSESSION" value="gnome"/>
    <property name="env.GDM_KEYBOARD_LAYOUT" value="us"/>
    <property name="user.country" value="US"/>
    <property name="env.GNOME_KEYRING_PID" value="1569"/>
    <property name="java.home" value="/usr/lib/jvm/java-6-sun-1.6.0.26/jre"/>
    <property name="java.vm.info" value="mixed mode"/>
    <property name="env.LOGNAME" value="smallette"/>
    <property name="os.version" value="2.6.38-13-generic"/>
    <property name="path.separator" value=":"/>
    <property name="java.vm.version" value="20.1-b02"/>
    <property name="env.LANGUAGE" value="en_US:en"/>
    <property name="env.JAVA_HOME" value="/usr/lib/jvm/java-6-sun-1.6.0.26"/>
    <property name="java.awt.printerjob" value="sun.print.PSPrinterJob"/>
    <property name="env.TERM" value="xterm"/>
    <property name="env.WINDOWPATH" value="7"/>
    <property name="sun.io.unicode.encoding" value="UnicodeLittle"/>
    <property name="env.GDM_LANG" value="en_US.utf8"/>
    <property name="user.home" value="/home/smallette"/>
    <property name="env.OLDPWD" value="/home/smallette/git/rexster"/>
    <property name="java.specification.vendor" value="Sun Microsystems Inc."/>
    <property name="env.WINDOWID" value="54543926"/>
    <property name="java.library.path" value="/usr/lib/jvm/java-6-sun-1.6.0.26/jre/lib/amd64/server:/usr/lib/jvm/java-6-sun-1.6.0.26/jre/lib/amd64:/usr/lib/jvm/java-6-sun-1.6.0.26/jre/../lib/amd64:/usr/java/packages/lib/amd64:/usr/lib64:/lib64:/lib:/usr/lib"/>
    <property name="java.vendor.url" value="http://java.sun.com/"/>
    <property name="java.vm.vendor" value="Sun Microsystems Inc."/>
    <property name="maven.home" value="/usr/local/apache-maven-3.0.3"/>
    <property name="java.runtime.name" value="Java(TM) SE Runtime Environment"/>
    <property name="sun.java.command" value="org.codehaus.plexus.classworlds.launcher.Launcher clean install"/>
    <property name="java.class.path" value="/usr/local/apache-maven-3.0.3/boot/plexus-classworlds-2.4.jar"/>
    <property name="env.UBUNTU_MENUPROXY" value="libappmenu.so"/>
    <property name="env.XFILESEARCHPATH" value="/usr/dt/app-defaults/%L/Dt"/>
    <property name="java.vm.specification.name" value="Java Virtual Machine Specification"/>
    <property name="java.vm.specification.version" value="1.0"/>
    <property name="sun.os.patch.level" value="unknown"/>
    <property name="sun.cpu.endian" value="little"/>
    <property name="env.HOME" value="/home/smallette"/>
    <property name="surefire.test.class.path" value="/home/smallette/git/rexster/rexster-kibbles/sample-kibbles/target/test-classes:/home/smallette/git/rexster/rexster-kibbles/sample-kibbles/target/classes:/home/smallette/.m2/repository/com/tinkerpop/blueprints/blueprints-core/1.2-SNAPSHOT/blueprints-core-1.2-SNAPSHOT.jar:/home/smallette/.m2/repository/org/codehaus/jettison/jettison/1.3/jettison-1.3.jar:/home/smallette/.m2/repository/stax/stax-api/1.0.1/stax-api-1.0.1.jar:/home/smallette/.m2/repository/org/codehaus/jackson/jackson-jaxrs/1.8.5/jackson-jaxrs-1.8.5.jar:/home/smallette/.m2/repository/org/codehaus/jackson/jackson-core-asl/1.8.5/jackson-core-asl-1.8.5.jar:/home/smallette/.m2/repository/org/codehaus/jackson/jackson-mapper-asl/1.8.5/jackson-mapper-asl-1.8.5.jar:/home/smallette/.m2/repository/com/tinkerpop/rexster/0.8-SNAPSHOT/rexster-0.8-SNAPSHOT.jar:/home/smallette/.m2/repository/com/tinkerpop/gremlin/gremlin-java/1.5-SNAPSHOT/gremlin-java-1.5-SNAPSHOT.jar:/home/smallette/.m2/repository/com/tinkerpop/pipes/1.0-SNAPSHOT/pipes-1.0-SNAPSHOT.jar:/home/smallette/.m2/repository/com/tinkerpop/gremlin/gremlin-groovy/1.5-SNAPSHOT/gremlin-groovy-1.5-SNAPSHOT.jar:/home/smallette/.m2/repository/org/codehaus/groovy/groovy/1.8.5/groovy-1.8.5.jar:/home/smallette/.m2/repository/antlr/antlr/2.7.7/antlr-2.7.7.jar:/home/smallette/.m2/repository/asm/asm-commons/3.2/asm-commons-3.2.jar:/home/smallette/.m2/repository/asm/asm-util/3.2/asm-util-3.2.jar:/home/smallette/.m2/repository/asm/asm-analysis/3.2/asm-analysis-3.2.jar:/home/smallette/.m2/repository/asm/asm-tree/3.2/asm-tree-3.2.jar:/home/smallette/.m2/repository/org/fusesource/jansi/jansi/1.5/jansi-1.5.jar:/home/smallette/.m2/repository/com/sun/jersey/jersey-client/1.11/jersey-client-1.11.jar:/home/smallette/.m2/repository/com/sun/jersey/jersey-grizzly2/1.11/jersey-grizzly2-1.11.jar:/home/smallette/.m2/repository/org/glassfish/grizzly/grizzly-http/2.1.2/grizzly-http-2.1.2.jar:/home/smallette/.m2/repository/org/glassfish/grizzly/grizzly-http-server/2.1.2/grizzly-http-server-2.1.2.jar:/home/smallette/.m2/repository/org/glassfish/grizzly/grizzly-rcm/2.1.2/grizzly-rcm-2.1.2.jar:/home/smallette/.m2/repository/com/sun/jersey/jersey-json/1.11/jersey-json-1.11.jar:/home/smallette/.m2/repository/com/sun/xml/bind/jaxb-impl/2.2.3-1/jaxb-impl-2.2.3-1.jar:/home/smallette/.m2/repository/javax/xml/bind/jaxb-api/2.2.2/jaxb-api-2.2.2.jar:/home/smallette/.m2/repository/javax/xml/stream/stax-api/1.0-2/stax-api-1.0-2.jar:/home/smallette/.m2/repository/javax/activation/activation/1.1/activation-1.1.jar:/home/smallette/.m2/repository/org/codehaus/jackson/jackson-xc/1.9.2/jackson-xc-1.9.2.jar:/home/smallette/.m2/repository/com/sun/jersey/jersey-servlet/1.11/jersey-servlet-1.11.jar:/home/smallette/.m2/repository/org/glassfish/grizzly/grizzly-http-servlet/2.1.2/grizzly-http-servlet-2.1.2.jar:/home/smallette/.m2/repository/org/glassfish/grizzly/grizzly-framework/2.1.2/grizzly-framework-2.1.2.jar:/home/smallette/.m2/repository/org/glassfish/gmbal/gmbal-api-only/3.0.0-b023/gmbal-api-only-3.0.0-b023.jar:/home/smallette/.m2/repository/org/glassfish/external/management-api/3.0.0-b012/management-api-3.0.0-b012.jar:/home/smallette/.m2/repository/javax/servlet/javax.servlet-api/3.0.1/javax.servlet-api-3.0.1.jar:/home/smallette/.m2/repository/commons-cli/commons-cli/1.2/commons-cli-1.2.jar:/home/smallette/.m2/repository/commons-io/commons-io/2.0.1/commons-io-2.0.1.jar:/home/smallette/.m2/repository/jline/jline/0.9.94/jline-0.9.94.jar:/home/smallette/.m2/repository/commons-configuration/commons-configuration/1.6/commons-configuration-1.6.jar:/home/smallette/.m2/repository/commons-collections/commons-collections/3.2.1/commons-collections-3.2.1.jar:/home/smallette/.m2/repository/commons-lang/commons-lang/2.4/commons-lang-2.4.jar:/home/smallette/.m2/repository/commons-logging/commons-logging/1.1.1/commons-logging-1.1.1.jar:/home/smallette/.m2/repository/commons-digester/commons-digester/1.8/commons-digester-1.8.jar:/home/smallette/.m2/repository/commons-beanutils/commons-beanutils/1.7.0/commons-beanutils-1.7.0.jar:/home/smallette/.m2/repository/commons-beanutils/commons-beanutils-core/1.8.0/commons-beanutils-core-1.8.0.jar:/home/smallette/.m2/repository/com/sun/jersey/jersey-server/1.4/jersey-server-1.4.jar:/home/smallette/.m2/repository/com/sun/jersey/jersey-core/1.4/jersey-core-1.4.jar:/home/smallette/.m2/repository/asm/asm/3.1/asm-3.1.jar:/home/smallette/.m2/repository/log4j/log4j/1.2.14/log4j-1.2.14.jar:/home/smallette/.m2/repository/junit/junit/4.5/junit-4.5.jar:/home/smallette/.m2/repository/org/jmock/jmock-junit4/2.5.1/jmock-junit4-2.5.1.jar:/home/smallette/.m2/repository/org/jmock/jmock/2.5.1/jmock-2.5.1.jar:/home/smallette/.m2/repository/org/hamcrest/hamcrest-core/1.1/hamcrest-core-1.1.jar:/home/smallette/.m2/repository/org/hamcrest/hamcrest-library/1.1/hamcrest-library-1.1.jar:/home/smallette/.m2/repository/junit/junit-dep/4.4/junit-dep-4.4.jar:"/>
    <property name="java.io.tmpdir" value="/tmp"/>
    <property name="env.LD_LIBRARY_PATH" value="/usr/lib/jvm/java-6-sun-1.6.0.26/jre/lib/amd64/server:/usr/lib/jvm/java-6-sun-1.6.0.26/jre/lib/amd64:/usr/lib/jvm/java-6-sun-1.6.0.26/jre/../lib/amd64"/>
    <property name="env.LS_COLORS" value="rs=0:di=01;34:ln=01;36:mh=00:pi=40;33:so=01;35:do=01;35:bd=40;33;01:cd=40;33;01:or=40;31;01:su=37;41:sg=30;43:ca=30;41:tw=30;42:ow=34;42:st=37;44:ex=01;32:*.tar=01;31:*.tgz=01;31:*.arj=01;31:*.taz=01;31:*.lzh=01;31:*.lzma=01;31:*.tlz=01;31:*.txz=01;31:*.zip=01;31:*.z=01;31:*.Z=01;31:*.dz=01;31:*.gz=01;31:*.lz=01;31:*.xz=01;31:*.bz2=01;31:*.bz=01;31:*.tbz=01;31:*.tbz2=01;31:*.tz=01;31:*.deb=01;31:*.rpm=01;31:*.jar=01;31:*.rar=01;31:*.ace=01;31:*.zoo=01;31:*.cpio=01;31:*.7z=01;31:*.rz=01;31:*.jpg=01;35:*.jpeg=01;35:*.gif=01;35:*.bmp=01;35:*.pbm=01;35:*.pgm=01;35:*.ppm=01;35:*.tga=01;35:*.xbm=01;35:*.xpm=01;35:*.tif=01;35:*.tiff=01;35:*.png=01;35:*.svg=01;35:*.svgz=01;35:*.mng=01;35:*.pcx=01;35:*.mov=01;35:*.mpg=01;35:*.mpeg=01;35:*.m2v=01;35:*.mkv=01;35:*.ogm=01;35:*.mp4=01;35:*.m4v=01;35:*.mp4v=01;35:*.vob=01;35:*.qt=01;35:*.nuv=01;35:*.wmv=01;35:*.asf=01;35:*.rm=01;35:*.rmvb=01;35:*.flc=01;35:*.avi=01;35:*.fli=01;35:*.flv=01;35:*.gl=01;35:*.dl=01;35:*.xcf=01;35:*.xwd=01;35:*.yuv=01;35:*.cgm=01;35:*.emf=01;35:*.axv=01;35:*.anx=01;35:*.ogv=01;35:*.ogx=01;35:*.aac=00;36:*.au=00;36:*.flac=00;36:*.mid=00;36:*.midi=00;36:*.mka=00;36:*.mp3=00;36:*.mpc=00;36:*.ogg=00;36:*.ra=00;36:*.wav=00;36:*.axa=00;36:*.oga=00;36:*.spx=00;36:*.xspf=00;36:"/>
    <property name="java.vendor.url.bug" value="http://java.sun.com/cgi-bin/bugreport.cgi"/>
    <property name="env.SSH_AUTH_SOCK" value="/tmp/keyring-ZGaxzU/ssh"/>
    <property name="java.awt.graphicsenv" value="sun.awt.X11GraphicsEnvironment"/>
    <property name="os.arch" value="amd64"/>
    <property name="java.ext.dirs" value="/usr/lib/jvm/java-6-sun-1.6.0.26/jre/lib/ext:/usr/java/packages/lib/ext"/>
    <property name="user.dir" value="/home/smallette/git/rexster/rexster-kibbles/sample-kibbles"/>
    <property name="env.XAUTHORITY" value="/var/run/gdm/auth-for-smallette-5RLLUe/database"/>
    <property name="env.MANDATORY_PATH" value="/usr/share/gconf/gnome.mandatory.path"/>
    <property name="env.GTK_MODULES" value="canberra-gtk-module"/>
    <property name="line.separator" value="
"/>
    <property name="java.vm.name" value="Java HotSpot(TM) 64-Bit Server VM"/>
    <property name="env.COLORTERM" value="gnome-terminal"/>
    <property name="basedir" value="/home/smallette/git/rexster/rexster-kibbles/sample-kibbles"/>
    <property name="env.ORBIT_SOCKETDIR" value="/tmp/orbit-smallette"/>
    <property name="env.USERNAME" value="smallette"/>
    <property name="file.encoding" value="UTF-8"/>
    <property name="java.specification.version" value="1.6"/>
    <property name="env.GNOME_KEYRING_CONTROL" value="/tmp/keyring-ZGaxzU"/>
    <property name="env.XDG_CONFIG_DIRS" value="/etc/xdg/xdg-gnome:/etc/xdg"/>
    <property name="env.LESSCLOSE" value="/usr/bin/lesspipe %s %s"/>
  </properties>
  <testcase time="0.001" classname="com.tinkerpop.rexster.kibbles.sample.ParametersExtensionTest" name="evaluateSomeStringValid"/>
  <testcase time="0" classname="com.tinkerpop.rexster.kibbles.sample.ParametersExtensionTest" name="evaluateSomeIntegerValid"/>
  <testcase time="0" classname="com.tinkerpop.rexster.kibbles.sample.ParametersExtensionTest" name="evaluateSomeListValid"/>
  <testcase time="0" classname="com.tinkerpop.rexster.kibbles.sample.ParametersExtensionTest" name="evaluateSomeListRawValid"/>
  <testcase time="0.001" classname="com.tinkerpop.rexster.kibbles.sample.ParametersExtensionTest" name="evaluateSomeObjectValid"/>
</testsuite>