<?xml version="1.0" encoding="UTF-8" ?>
<testsuite failures="0" time="0.004" errors="0" skipped="0" tests="4" name="com.tinkerpop.rexster.protocol.message.SessionRequestMessageTest">
  <properties>
    <property name="java.runtime.name" value="Java(TM) SE Runtime Environment"/>
    <property name="sun.boot.library.path" value="/usr/lib/jvm/java-6-sun-1.6.0.26/jre/lib/amd64"/>
    <property name="java.vm.version" value="20.1-b02"/>
    <property name="java.vm.vendor" value="Sun Microsystems Inc."/>
    <property name="java.vendor.url" value="http://java.sun.com/"/>
    <property name="path.separator" value=":"/>
    <property name="java.vm.name" value="Java HotSpot(TM) 64-Bit Server VM"/>
    <property name="file.encoding.pkg" value="sun.io"/>
    <property name="user.country" value="US"/>
    <property name="sun.java.launcher" value="SUN_STANDARD"/>
    <property name="sun.os.patch.level" value="unknown"/>
    <property name="java.vm.specification.name" value="Java Virtual Machine Specification"/>
    <property name="user.dir" value="/home/smallette/git/rexster/rexster-server"/>
    <property name="java.runtime.version" value="1.6.0_26-b03"/>
    <property name="java.awt.graphicsenv" value="sun.awt.X11GraphicsEnvironment"/>
    <property name="basedir" value="/home/smallette/git/rexster/rexster-server"/>
    <property name="java.endorsed.dirs" value="/usr/lib/jvm/java-6-sun-1.6.0.26/jre/lib/endorsed"/>
    <property name="os.arch" value="amd64"/>
    <property name="surefire.real.class.path" value="/home/smallette/git/rexster/rexster-server/target/surefire/surefirebooter8758736656557800938.jar"/>
    <property name="java.io.tmpdir" value="/tmp"/>
    <property name="line.separator" value="
"/>
    <property name="java.vm.specification.vendor" value="Sun Microsystems Inc."/>
    <property name="os.name" value="Linux"/>
    <property name="sun.jnu.encoding" value="UTF-8"/>
    <property name="java.library.path" value="/usr/lib/jvm/java-6-sun-1.6.0.26/jre/lib/amd64/server:/usr/lib/jvm/java-6-sun-1.6.0.26/jre/lib/amd64:/usr/lib/jvm/java-6-sun-1.6.0.26/jre/../lib/amd64:/usr/java/packages/lib/amd64:/usr/lib64:/lib64:/lib:/usr/lib"/>
    <property name="surefire.test.class.path" value="/home/smallette/git/rexster/rexster-server/target/test-classes:/home/smallette/git/rexster/rexster-server/target/classes:/home/smallette/.m2/repository/com/tinkerpop/blueprints/blueprints-core/1.2-SNAPSHOT/blueprints-core-1.2-SNAPSHOT.jar:/home/smallette/.m2/repository/org/codehaus/jettison/jettison/1.3/jettison-1.3.jar:/home/smallette/.m2/repository/stax/stax-api/1.0.1/stax-api-1.0.1.jar:/home/smallette/.m2/repository/org/codehaus/jackson/jackson-jaxrs/1.8.5/jackson-jaxrs-1.8.5.jar:/home/smallette/.m2/repository/com/tinkerpop/gremlin/gremlin-java/1.5-SNAPSHOT/gremlin-java-1.5-SNAPSHOT.jar:/home/smallette/.m2/repository/com/tinkerpop/pipes/1.0-SNAPSHOT/pipes-1.0-SNAPSHOT.jar:/home/smallette/.m2/repository/com/tinkerpop/gremlin/gremlin-groovy/1.5-SNAPSHOT/gremlin-groovy-1.5-SNAPSHOT.jar:/home/smallette/.m2/repository/org/codehaus/groovy/groovy/1.8.5/groovy-1.8.5.jar:/home/smallette/.m2/repository/antlr/antlr/2.7.7/antlr-2.7.7.jar:/home/smallette/.m2/repository/asm/asm-commons/3.2/asm-commons-3.2.jar:/home/smallette/.m2/repository/asm/asm-util/3.2/asm-util-3.2.jar:/home/smallette/.m2/repository/asm/asm-analysis/3.2/asm-analysis-3.2.jar:/home/smallette/.m2/repository/asm/asm-tree/3.2/asm-tree-3.2.jar:/home/smallette/.m2/repository/org/fusesource/jansi/jansi/1.5/jansi-1.5.jar:/home/smallette/.m2/repository/com/tinkerpop/blueprints/blueprints-sail-graph/1.2-SNAPSHOT/blueprints-sail-graph-1.2-SNAPSHOT.jar:/home/smallette/.m2/repository/org/slf4j/slf4j-log4j12/1.5.6/slf4j-log4j12-1.5.6.jar:/home/smallette/.m2/repository/org/slf4j/slf4j-api/1.5.6/slf4j-api-1.5.6.jar:/home/smallette/.m2/repository/org/openrdf/sesame/sesame-sail-api/2.6.0/sesame-sail-api-2.6.0.jar:/home/smallette/.m2/repository/org/openrdf/sesame/sesame-query/2.6.0/sesame-query-2.6.0.jar:/home/smallette/.m2/repository/org/openrdf/sesame/sesame-rio-api/2.6.0/sesame-rio-api-2.6.0.jar:/home/smallette/.m2/repository/org/openrdf/sesame/sesame-queryalgebra-model/2.6.0/sesame-queryalgebra-model-2.6.0.jar:/home/smallette/.m2/repository/info/aduna/commons/aduna-commons-collections/2.8.0/aduna-commons-collections-2.8.0.jar:/home/smallette/.m2/repository/org/openrdf/sesame/sesame-model/2.6.0/sesame-model-2.6.0.jar:/home/smallette/.m2/repository/info/aduna/commons/aduna-commons-i18n/1.4.0/aduna-commons-i18n-1.4.0.jar:/home/smallette/.m2/repository/info/aduna/commons/aduna-commons-iteration/2.10.0/aduna-commons-iteration-2.10.0.jar:/home/smallette/.m2/repository/info/aduna/commons/aduna-commons-concurrent/2.7.0/aduna-commons-concurrent-2.7.0.jar:/home/smallette/.m2/repository/info/aduna/commons/aduna-commons-lang/2.9.0/aduna-commons-lang-2.9.0.jar:/home/smallette/.m2/repository/org/openrdf/sesame/sesame-queryparser-sparql/2.6.0/sesame-queryparser-sparql-2.6.0.jar:/home/smallette/.m2/repository/org/openrdf/sesame/sesame-queryparser-api/2.6.0/sesame-queryparser-api-2.6.0.jar:/home/smallette/.m2/repository/info/aduna/commons/aduna-commons-net/2.7.0/aduna-commons-net-2.7.0.jar:/home/smallette/.m2/repository/info/aduna/commons/aduna-commons-text/2.7.0/aduna-commons-text-2.7.0.jar:/home/smallette/.m2/repository/org/openrdf/sesame/sesame-sail-memory/2.6.0/sesame-sail-memory-2.6.0.jar:/home/smallette/.m2/repository/org/openrdf/sesame/sesame-sail-inferencer/2.6.0/sesame-sail-inferencer-2.6.0.jar:/home/smallette/.m2/repository/org/openrdf/sesame/sesame-queryparser-serql/2.6.0/sesame-queryparser-serql-2.6.0.jar:/home/smallette/.m2/repository/org/openrdf/sesame/sesame-queryalgebra-evaluation/2.6.0/sesame-queryalgebra-evaluation-2.6.0.jar:/home/smallette/.m2/repository/org/openrdf/sesame/sesame-repository-sparql/2.6.0/sesame-repository-sparql-2.6.0.jar:/home/smallette/.m2/repository/org/openrdf/sesame/sesame-http-client/2.6.0/sesame-http-client-2.6.0.jar:/home/smallette/.m2/repository/org/openrdf/sesame/sesame-http-protocol/2.6.0/sesame-http-protocol-2.6.0.jar:/home/smallette/.m2/repository/org/openrdf/sesame/sesame-queryresultio-api/2.6.0/sesame-queryresultio-api-2.6.0.jar:/home/smallette/.m2/repository/org/openrdf/sesame/sesame-queryresultio-sparqlxml/2.6.0/sesame-queryresultio-sparqlxml-2.6.0.jar:/home/smallette/.m2/repository/info/aduna/commons/aduna-commons-xml/2.7.0/aduna-commons-xml-2.7.0.jar:/home/smallette/.m2/repository/info/aduna/commons/aduna-commons-io/2.10.0/aduna-commons-io-2.10.0.jar:/home/smallette/.m2/repository/org/openrdf/sesame/sesame-sail-nativerdf/2.6.0/sesame-sail-nativerdf-2.6.0.jar:/home/smallette/.m2/repository/net/fortytwo/linked-data-sail/0.7/linked-data-sail-0.7.jar:/home/smallette/.m2/repository/net/fortytwo/ripple/ripple-rdf/0.7/ripple-rdf-0.7.jar:/home/smallette/.m2/repository/net/fortytwo/ripple/ripple-base/0.7/ripple-base-0.7.jar:/home/smallette/.m2/repository/net/fortytwo/rdfflow/0.7/rdfflow-0.7.jar:/home/smallette/.m2/repository/net/fortytwo/flow/0.7/flow-0.7.jar:/home/smallette/.m2/repository/org/openrdf/sesame/sesame-rio-n3/2.4.2/sesame-rio-n3-2.4.2.jar:/home/smallette/.m2/repository/org/openrdf/sesame/sesame-rio-rdfxml/2.4.2/sesame-rio-rdfxml-2.4.2.jar:/home/smallette/.m2/repository/org/openrdf/sesame/sesame-rio-trig/2.4.2/sesame-rio-trig-2.4.2.jar:/home/smallette/.m2/repository/org/openrdf/sesame/sesame-rio-trix/2.4.2/sesame-rio-trix-2.4.2.jar:/home/smallette/.m2/repository/org/openrdf/sesame/sesame-rio-turtle/2.4.2/sesame-rio-turtle-2.4.2.jar:/home/smallette/.m2/repository/commons-httpclient/commons-httpclient/3.1/commons-httpclient-3.1.jar:/home/smallette/.m2/repository/commons-codec/commons-codec/1.2/commons-codec-1.2.jar:/home/smallette/.m2/repository/org/restlet/org.restlet/1.0.5/org.restlet-1.0.5.jar:/home/smallette/.m2/repository/net/fortytwo/sesametools/nquads/1.6/nquads-1.6.jar:/home/smallette/.m2/repository/org/openrdf/sesame/sesame-rio-ntriples/2.6.0/sesame-rio-ntriples-2.6.0.jar:/home/smallette/.m2/repository/net/fortytwo/sesametools/common/1.6/common-1.6.jar:/home/smallette/.m2/repository/net/fortytwo/sesametools/reposail/1.6/reposail-1.6.jar:/home/smallette/.m2/repository/org/openrdf/sesame/sesame-repository-api/2.6.0/sesame-repository-api-2.6.0.jar:/home/smallette/.m2/repository/com/tinkerpop/blueprints/blueprints-graph-jung/1.2-SNAPSHOT/blueprints-graph-jung-1.2-SNAPSHOT.jar:/home/smallette/.m2/repository/net/sf/jung/jung-api/2.0.1/jung-api-2.0.1.jar:/home/smallette/.m2/repository/net/sourceforge/collections/collections-generic/4.01/collections-generic-4.01.jar:/home/smallette/.m2/repository/net/sf/jung/jung-algorithms/2.0.1/jung-algorithms-2.0.1.jar:/home/smallette/.m2/repository/colt/colt/1.2.0/colt-1.2.0.jar:/home/smallette/.m2/repository/concurrent/concurrent/1.3.4/concurrent-1.3.4.jar:/home/smallette/.m2/repository/net/sf/jung/jung-visualization/2.0.1/jung-visualization-2.0.1.jar:/home/smallette/.m2/repository/com/tinkerpop/blueprints/blueprints-dex-graph/1.2-SNAPSHOT/blueprints-dex-graph-1.2-SNAPSHOT.jar:/home/smallette/.m2/repository/com/sparsity/dexjava/4.4.0/dexjava-4.4.0.jar:/home/smallette/.m2/repository/com/tinkerpop/blueprints/blueprints-neo4j-graph/1.2-SNAPSHOT/blueprints-neo4j-graph-1.2-SNAPSHOT.jar:/home/smallette/.m2/repository/org/neo4j/neo4j-kernel/1.6/neo4j-kernel-1.6.jar:/home/smallette/.m2/repository/org/apache/geronimo/specs/geronimo-jta_1.1_spec/1.1.1/geronimo-jta_1.1_spec-1.1.1.jar:/home/smallette/.m2/repository/org/neo4j/neo4j-lucene-index/1.6/neo4j-lucene-index-1.6.jar:/home/smallette/.m2/repository/org/apache/lucene/lucene-core/3.5.0/lucene-core-3.5.0.jar:/home/smallette/.m2/repository/org/neo4j/neo4j-graph-algo/1.6/neo4j-graph-algo-1.6.jar:/home/smallette/.m2/repository/org/neo4j/neo4j-udc/1.6/neo4j-udc-1.6.jar:/home/smallette/.m2/repository/org/neo4j/neo4j-graph-matching/1.6/neo4j-graph-matching-1.6.jar:/home/smallette/.m2/repository/org/neo4j/neo4j-cypher/1.6/neo4j-cypher-1.6.jar:/home/smallette/.m2/repository/org/scala-lang/scala-library/2.9.0-1/scala-library-2.9.0-1.jar:/home/smallette/.m2/repository/org/neo4j/neo4j-jmx/1.6/neo4j-jmx-1.6.jar:/home/smallette/.m2/repository/org/neo4j/neo4j-ha/1.6/neo4j-ha-1.6.jar:/home/smallette/.m2/repository/org/neo4j/neo4j-backup/1.6/neo4j-backup-1.6.jar:/home/smallette/.m2/repository/org/apache/zookeeper/zookeeper/3.3.2/zookeeper-3.3.2.jar:/home/smallette/.m2/repository/org/neo4j/neo4j-com/1.6/neo4j-com-1.6.jar:/home/smallette/.m2/repository/org/apache/servicemix/bundles/org.apache.servicemix.bundles.netty/3.2.5.Final_1/org.apache.servicemix.bundles.netty-3.2.5.Final_1.jar:/home/smallette/.m2/repository/org/neo4j/neo4j-management/1.6/neo4j-management-1.6.jar:/home/smallette/.m2/repository/com/tinkerpop/blueprints/blueprints-orient-graph/1.2-SNAPSHOT/blueprints-orient-graph-1.2-SNAPSHOT.jar:/home/smallette/.m2/repository/com/orientechnologies/orientdb-core/1.0rc8/orientdb-core-1.0rc8.jar:/home/smallette/.m2/repository/javax/persistence/persistence-api/1.0/persistence-api-1.0.jar:/home/smallette/.m2/repository/com/orientechnologies/orient-commons/1.0rc8/orient-commons-1.0rc8.jar:/home/smallette/.m2/repository/com/tinkerpop/blueprints/blueprints-rexster-graph/1.2-SNAPSHOT/blueprints-rexster-graph-1.2-SNAPSHOT.jar:/home/smallette/.m2/repository/com/sun/jersey/jersey-server/1.11/jersey-server-1.11.jar:/home/smallette/.m2/repository/asm/asm/3.1/asm-3.1.jar:/home/smallette/.m2/repository/com/sun/jersey/jersey-core/1.11/jersey-core-1.11.jar:/home/smallette/.m2/repository/com/sun/jersey/jersey-client/1.11/jersey-client-1.11.jar:/home/smallette/.m2/repository/com/sun/jersey/jersey-grizzly2/1.11/jersey-grizzly2-1.11.jar:/home/smallette/.m2/repository/org/glassfish/grizzly/grizzly-http/2.1.2/grizzly-http-2.1.2.jar:/home/smallette/.m2/repository/org/glassfish/grizzly/grizzly-http-server/2.1.2/grizzly-http-server-2.1.2.jar:/home/smallette/.m2/repository/org/glassfish/grizzly/grizzly-rcm/2.1.2/grizzly-rcm-2.1.2.jar:/home/smallette/.m2/repository/com/sun/jersey/jersey-json/1.11/jersey-json-1.11.jar:/home/smallette/.m2/repository/com/sun/xml/bind/jaxb-impl/2.2.3-1/jaxb-impl-2.2.3-1.jar:/home/smallette/.m2/repository/javax/xml/bind/jaxb-api/2.2.2/jaxb-api-2.2.2.jar:/home/smallette/.m2/repository/javax/xml/stream/stax-api/1.0-2/stax-api-1.0-2.jar:/home/smallette/.m2/repository/javax/activation/activation/1.1/activation-1.1.jar:/home/smallette/.m2/repository/org/codehaus/jackson/jackson-core-asl/1.9.2/jackson-core-asl-1.9.2.jar:/home/smallette/.m2/repository/org/codehaus/jackson/jackson-mapper-asl/1.9.2/jackson-mapper-asl-1.9.2.jar:/home/smallette/.m2/repository/org/codehaus/jackson/jackson-xc/1.9.2/jackson-xc-1.9.2.jar:/home/smallette/.m2/repository/com/sun/jersey/jersey-servlet/1.11/jersey-servlet-1.11.jar:/home/smallette/.m2/repository/org/glassfish/grizzly/grizzly-http-servlet/2.1.2/grizzly-http-servlet-2.1.2.jar:/home/smallette/.m2/repository/org/glassfish/grizzly/grizzly-framework/2.1.2/grizzly-framework-2.1.2.jar:/home/smallette/.m2/repository/org/glassfish/gmbal/gmbal-api-only/3.0.0-b023/gmbal-api-only-3.0.0-b023.jar:/home/smallette/.m2/repository/org/glassfish/external/management-api/3.0.0-b012/management-api-3.0.0-b012.jar:/home/smallette/.m2/repository/javax/servlet/javax.servlet-api/3.0.1/javax.servlet-api-3.0.1.jar:/home/smallette/.m2/repository/log4j/log4j/1.2.14/log4j-1.2.14.jar:/home/smallette/.m2/repository/commons-configuration/commons-configuration/1.6/commons-configuration-1.6.jar:/home/smallette/.m2/repository/commons-collections/commons-collections/3.2.1/commons-collections-3.2.1.jar:/home/smallette/.m2/repository/commons-lang/commons-lang/2.4/commons-lang-2.4.jar:/home/smallette/.m2/repository/commons-logging/commons-logging/1.1.1/commons-logging-1.1.1.jar:/home/smallette/.m2/repository/commons-digester/commons-digester/1.8/commons-digester-1.8.jar:/home/smallette/.m2/repository/commons-beanutils/commons-beanutils/1.7.0/commons-beanutils-1.7.0.jar:/home/smallette/.m2/repository/commons-beanutils/commons-beanutils-core/1.8.0/commons-beanutils-core-1.8.0.jar:/home/smallette/.m2/repository/commons-cli/commons-cli/1.2/commons-cli-1.2.jar:/home/smallette/.m2/repository/commons-io/commons-io/2.0.1/commons-io-2.0.1.jar:/home/smallette/.m2/repository/jline/jline/0.9.94/jline-0.9.94.jar:/home/smallette/.m2/repository/junit/junit/4.5/junit-4.5.jar:/home/smallette/.m2/repository/org/jmock/jmock-junit4/2.5.1/jmock-junit4-2.5.1.jar:/home/smallette/.m2/repository/org/jmock/jmock/2.5.1/jmock-2.5.1.jar:/home/smallette/.m2/repository/org/hamcrest/hamcrest-core/1.1/hamcrest-core-1.1.jar:/home/smallette/.m2/repository/org/hamcrest/hamcrest-library/1.1/hamcrest-library-1.1.jar:/home/smallette/.m2/repository/junit/junit-dep/4.4/junit-dep-4.4.jar:/home/smallette/.m2/repository/com/sun/jersey/jersey-test-framework/jersey-test-framework-grizzly2/1.11/jersey-test-framework-grizzly2-1.11.jar:/home/smallette/.m2/repository/com/sun/jersey/jersey-test-framework/jersey-test-framework-core/1.11/jersey-test-framework-core-1.11.jar:/home/smallette/.m2/repository/com/sun/jersey/jersey-grizzly2-servlet/1.11/jersey-grizzly2-servlet-1.11.jar:/home/smallette/.m2/repository/org/glassfish/javax.servlet/3.1/javax.servlet-3.1.jar:"/>
    <property name="java.specification.name" value="Java Platform API Specification"/>
    <property name="java.class.version" value="50.0"/>
    <property name="sun.management.compiler" value="HotSpot 64-Bit Tiered Compilers"/>
    <property name="os.version" value="2.6.38-13-generic"/>
    <property name="user.home" value="/home/smallette"/>
    <property name="user.timezone" value=""/>
    <property name="java.awt.printerjob" value="sun.print.PSPrinterJob"/>
    <property name="file.encoding" value="UTF-8"/>
    <property name="java.specification.version" value="1.6"/>
    <property name="user.name" value="smallette"/>
    <property name="java.class.path" value="/home/smallette/git/rexster/rexster-server/target/test-classes:/home/smallette/git/rexster/rexster-server/target/classes:/home/smallette/.m2/repository/com/tinkerpop/blueprints/blueprints-core/1.2-SNAPSHOT/blueprints-core-1.2-SNAPSHOT.jar:/home/smallette/.m2/repository/org/codehaus/jettison/jettison/1.3/jettison-1.3.jar:/home/smallette/.m2/repository/stax/stax-api/1.0.1/stax-api-1.0.1.jar:/home/smallette/.m2/repository/org/codehaus/jackson/jackson-jaxrs/1.8.5/jackson-jaxrs-1.8.5.jar:/home/smallette/.m2/repository/com/tinkerpop/gremlin/gremlin-java/1.5-SNAPSHOT/gremlin-java-1.5-SNAPSHOT.jar:/home/smallette/.m2/repository/com/tinkerpop/pipes/1.0-SNAPSHOT/pipes-1.0-SNAPSHOT.jar:/home/smallette/.m2/repository/com/tinkerpop/gremlin/gremlin-groovy/1.5-SNAPSHOT/gremlin-groovy-1.5-SNAPSHOT.jar:/home/smallette/.m2/repository/org/codehaus/groovy/groovy/1.8.5/groovy-1.8.5.jar:/home/smallette/.m2/repository/antlr/antlr/2.7.7/antlr-2.7.7.jar:/home/smallette/.m2/repository/asm/asm-commons/3.2/asm-commons-3.2.jar:/home/smallette/.m2/repository/asm/asm-util/3.2/asm-util-3.2.jar:/home/smallette/.m2/repository/asm/asm-analysis/3.2/asm-analysis-3.2.jar:/home/smallette/.m2/repository/asm/asm-tree/3.2/asm-tree-3.2.jar:/home/smallette/.m2/repository/org/fusesource/jansi/jansi/1.5/jansi-1.5.jar:/home/smallette/.m2/repository/com/tinkerpop/blueprints/blueprints-sail-graph/1.2-SNAPSHOT/blueprints-sail-graph-1.2-SNAPSHOT.jar:/home/smallette/.m2/repository/org/slf4j/slf4j-log4j12/1.5.6/slf4j-log4j12-1.5.6.jar:/home/smallette/.m2/repository/org/slf4j/slf4j-api/1.5.6/slf4j-api-1.5.6.jar:/home/smallette/.m2/repository/org/openrdf/sesame/sesame-sail-api/2.6.0/sesame-sail-api-2.6.0.jar:/home/smallette/.m2/repository/org/openrdf/sesame/sesame-query/2.6.0/sesame-query-2.6.0.jar:/home/smallette/.m2/repository/org/openrdf/sesame/sesame-rio-api/2.6.0/sesame-rio-api-2.6.0.jar:/home/smallette/.m2/repository/org/openrdf/sesame/sesame-queryalgebra-model/2.6.0/sesame-queryalgebra-model-2.6.0.jar:/home/smallette/.m2/repository/info/aduna/commons/aduna-commons-collections/2.8.0/aduna-commons-collections-2.8.0.jar:/home/smallette/.m2/repository/org/openrdf/sesame/sesame-model/2.6.0/sesame-model-2.6.0.jar:/home/smallette/.m2/repository/info/aduna/commons/aduna-commons-i18n/1.4.0/aduna-commons-i18n-1.4.0.jar:/home/smallette/.m2/repository/info/aduna/commons/aduna-commons-iteration/2.10.0/aduna-commons-iteration-2.10.0.jar:/home/smallette/.m2/repository/info/aduna/commons/aduna-commons-concurrent/2.7.0/aduna-commons-concurrent-2.7.0.jar:/home/smallette/.m2/repository/info/aduna/commons/aduna-commons-lang/2.9.0/aduna-commons-lang-2.9.0.jar:/home/smallette/.m2/repository/org/openrdf/sesame/sesame-queryparser-sparql/2.6.0/sesame-queryparser-sparql-2.6.0.jar:/home/smallette/.m2/repository/org/openrdf/sesame/sesame-queryparser-api/2.6.0/sesame-queryparser-api-2.6.0.jar:/home/smallette/.m2/repository/info/aduna/commons/aduna-commons-net/2.7.0/aduna-commons-net-2.7.0.jar:/home/smallette/.m2/repository/info/aduna/commons/aduna-commons-text/2.7.0/aduna-commons-text-2.7.0.jar:/home/smallette/.m2/repository/org/openrdf/sesame/sesame-sail-memory/2.6.0/sesame-sail-memory-2.6.0.jar:/home/smallette/.m2/repository/org/openrdf/sesame/sesame-sail-inferencer/2.6.0/sesame-sail-inferencer-2.6.0.jar:/home/smallette/.m2/repository/org/openrdf/sesame/sesame-queryparser-serql/2.6.0/sesame-queryparser-serql-2.6.0.jar:/home/smallette/.m2/repository/org/openrdf/sesame/sesame-queryalgebra-evaluation/2.6.0/sesame-queryalgebra-evaluation-2.6.0.jar:/home/smallette/.m2/repository/org/openrdf/sesame/sesame-repository-sparql/2.6.0/sesame-repository-sparql-2.6.0.jar:/home/smallette/.m2/repository/org/openrdf/sesame/sesame-http-client/2.6.0/sesame-http-client-2.6.0.jar:/home/smallette/.m2/repository/org/openrdf/sesame/sesame-http-protocol/2.6.0/sesame-http-protocol-2.6.0.jar:/home/smallette/.m2/repository/org/openrdf/sesame/sesame-queryresultio-api/2.6.0/sesame-queryresultio-api-2.6.0.jar:/home/smallette/.m2/repository/org/openrdf/sesame/sesame-queryresultio-sparqlxml/2.6.0/sesame-queryresultio-sparqlxml-2.6.0.jar:/home/smallette/.m2/repository/info/aduna/commons/aduna-commons-xml/2.7.0/aduna-commons-xml-2.7.0.jar:/home/smallette/.m2/repository/info/aduna/commons/aduna-commons-io/2.10.0/aduna-commons-io-2.10.0.jar:/home/smallette/.m2/repository/org/openrdf/sesame/sesame-sail-nativerdf/2.6.0/sesame-sail-nativerdf-2.6.0.jar:/home/smallette/.m2/repository/net/fortytwo/linked-data-sail/0.7/linked-data-sail-0.7.jar:/home/smallette/.m2/repository/net/fortytwo/ripple/ripple-rdf/0.7/ripple-rdf-0.7.jar:/home/smallette/.m2/repository/net/fortytwo/ripple/ripple-base/0.7/ripple-base-0.7.jar:/home/smallette/.m2/repository/net/fortytwo/rdfflow/0.7/rdfflow-0.7.jar:/home/smallette/.m2/repository/net/fortytwo/flow/0.7/flow-0.7.jar:/home/smallette/.m2/repository/org/openrdf/sesame/sesame-rio-n3/2.4.2/sesame-rio-n3-2.4.2.jar:/home/smallette/.m2/repository/org/openrdf/sesame/sesame-rio-rdfxml/2.4.2/sesame-rio-rdfxml-2.4.2.jar:/home/smallette/.m2/repository/org/openrdf/sesame/sesame-rio-trig/2.4.2/sesame-rio-trig-2.4.2.jar:/home/smallette/.m2/repository/org/openrdf/sesame/sesame-rio-trix/2.4.2/sesame-rio-trix-2.4.2.jar:/home/smallette/.m2/repository/org/openrdf/sesame/sesame-rio-turtle/2.4.2/sesame-rio-turtle-2.4.2.jar:/home/smallette/.m2/repository/commons-httpclient/commons-httpclient/3.1/commons-httpclient-3.1.jar:/home/smallette/.m2/repository/commons-codec/commons-codec/1.2/commons-codec-1.2.jar:/home/smallette/.m2/repository/org/restlet/org.restlet/1.0.5/org.restlet-1.0.5.jar:/home/smallette/.m2/repository/net/fortytwo/sesametools/nquads/1.6/nquads-1.6.jar:/home/smallette/.m2/repository/org/openrdf/sesame/sesame-rio-ntriples/2.6.0/sesame-rio-ntriples-2.6.0.jar:/home/smallette/.m2/repository/net/fortytwo/sesametools/common/1.6/common-1.6.jar:/home/smallette/.m2/repository/net/fortytwo/sesametools/reposail/1.6/reposail-1.6.jar:/home/smallette/.m2/repository/org/openrdf/sesame/sesame-repository-api/2.6.0/sesame-repository-api-2.6.0.jar:/home/smallette/.m2/repository/com/tinkerpop/blueprints/blueprints-graph-jung/1.2-SNAPSHOT/blueprints-graph-jung-1.2-SNAPSHOT.jar:/home/smallette/.m2/repository/net/sf/jung/jung-api/2.0.1/jung-api-2.0.1.jar:/home/smallette/.m2/repository/net/sourceforge/collections/collections-generic/4.01/collections-generic-4.01.jar:/home/smallette/.m2/repository/net/sf/jung/jung-algorithms/2.0.1/jung-algorithms-2.0.1.jar:/home/smallette/.m2/repository/colt/colt/1.2.0/colt-1.2.0.jar:/home/smallette/.m2/repository/concurrent/concurrent/1.3.4/concurrent-1.3.4.jar:/home/smallette/.m2/repository/net/sf/jung/jung-visualization/2.0.1/jung-visualization-2.0.1.jar:/home/smallette/.m2/repository/com/tinkerpop/blueprints/blueprints-dex-graph/1.2-SNAPSHOT/blueprints-dex-graph-1.2-SNAPSHOT.jar:/home/smallette/.m2/repository/com/sparsity/dexjava/4.4.0/dexjava-4.4.0.jar:/home/smallette/.m2/repository/com/tinkerpop/blueprints/blueprints-neo4j-graph/1.2-SNAPSHOT/blueprints-neo4j-graph-1.2-SNAPSHOT.jar:/home/smallette/.m2/repository/org/neo4j/neo4j-kernel/1.6/neo4j-kernel-1.6.jar:/home/smallette/.m2/repository/org/apache/geronimo/specs/geronimo-jta_1.1_spec/1.1.1/geronimo-jta_1.1_spec-1.1.1.jar:/home/smallette/.m2/repository/org/neo4j/neo4j-lucene-index/1.6/neo4j-lucene-index-1.6.jar:/home/smallette/.m2/repository/org/apache/lucene/lucene-core/3.5.0/lucene-core-3.5.0.jar:/home/smallette/.m2/repository/org/neo4j/neo4j-graph-algo/1.6/neo4j-graph-algo-1.6.jar:/home/smallette/.m2/repository/org/neo4j/neo4j-udc/1.6/neo4j-udc-1.6.jar:/home/smallette/.m2/repository/org/neo4j/neo4j-graph-matching/1.6/neo4j-graph-matching-1.6.jar:/home/smallette/.m2/repository/org/neo4j/neo4j-cypher/1.6/neo4j-cypher-1.6.jar:/home/smallette/.m2/repository/org/scala-lang/scala-library/2.9.0-1/scala-library-2.9.0-1.jar:/home/smallette/.m2/repository/org/neo4j/neo4j-jmx/1.6/neo4j-jmx-1.6.jar:/home/smallette/.m2/repository/org/neo4j/neo4j-ha/1.6/neo4j-ha-1.6.jar:/home/smallette/.m2/repository/org/neo4j/neo4j-backup/1.6/neo4j-backup-1.6.jar:/home/smallette/.m2/repository/org/apache/zookeeper/zookeeper/3.3.2/zookeeper-3.3.2.jar:/home/smallette/.m2/repository/org/neo4j/neo4j-com/1.6/neo4j-com-1.6.jar:/home/smallette/.m2/repository/org/apache/servicemix/bundles/org.apache.servicemix.bundles.netty/3.2.5.Final_1/org.apache.servicemix.bundles.netty-3.2.5.Final_1.jar:/home/smallette/.m2/repository/org/neo4j/neo4j-management/1.6/neo4j-management-1.6.jar:/home/smallette/.m2/repository/com/tinkerpop/blueprints/blueprints-orient-graph/1.2-SNAPSHOT/blueprints-orient-graph-1.2-SNAPSHOT.jar:/home/smallette/.m2/repository/com/orientechnologies/orientdb-core/1.0rc8/orientdb-core-1.0rc8.jar:/home/smallette/.m2/repository/javax/persistence/persistence-api/1.0/persistence-api-1.0.jar:/home/smallette/.m2/repository/com/orientechnologies/orient-commons/1.0rc8/orient-commons-1.0rc8.jar:/home/smallette/.m2/repository/com/tinkerpop/blueprints/blueprints-rexster-graph/1.2-SNAPSHOT/blueprints-rexster-graph-1.2-SNAPSHOT.jar:/home/smallette/.m2/repository/com/sun/jersey/jersey-server/1.11/jersey-server-1.11.jar:/home/smallette/.m2/repository/asm/asm/3.1/asm-3.1.jar:/home/smallette/.m2/repository/com/sun/jersey/jersey-core/1.11/jersey-core-1.11.jar:/home/smallette/.m2/repository/com/sun/jersey/jersey-client/1.11/jersey-client-1.11.jar:/home/smallette/.m2/repository/com/sun/jersey/jersey-grizzly2/1.11/jersey-grizzly2-1.11.jar:/home/smallette/.m2/repository/org/glassfish/grizzly/grizzly-http/2.1.2/grizzly-http-2.1.2.jar:/home/smallette/.m2/repository/org/glassfish/grizzly/grizzly-http-server/2.1.2/grizzly-http-server-2.1.2.jar:/home/smallette/.m2/repository/org/glassfish/grizzly/grizzly-rcm/2.1.2/grizzly-rcm-2.1.2.jar:/home/smallette/.m2/repository/com/sun/jersey/jersey-json/1.11/jersey-json-1.11.jar:/home/smallette/.m2/repository/com/sun/xml/bind/jaxb-impl/2.2.3-1/jaxb-impl-2.2.3-1.jar:/home/smallette/.m2/repository/javax/xml/bind/jaxb-api/2.2.2/jaxb-api-2.2.2.jar:/home/smallette/.m2/repository/javax/xml/stream/stax-api/1.0-2/stax-api-1.0-2.jar:/home/smallette/.m2/repository/javax/activation/activation/1.1/activation-1.1.jar:/home/smallette/.m2/repository/org/codehaus/jackson/jackson-core-asl/1.9.2/jackson-core-asl-1.9.2.jar:/home/smallette/.m2/repository/org/codehaus/jackson/jackson-mapper-asl/1.9.2/jackson-mapper-asl-1.9.2.jar:/home/smallette/.m2/repository/org/codehaus/jackson/jackson-xc/1.9.2/jackson-xc-1.9.2.jar:/home/smallette/.m2/repository/com/sun/jersey/jersey-servlet/1.11/jersey-servlet-1.11.jar:/home/smallette/.m2/repository/org/glassfish/grizzly/grizzly-http-servlet/2.1.2/grizzly-http-servlet-2.1.2.jar:/home/smallette/.m2/repository/org/glassfish/grizzly/grizzly-framework/2.1.2/grizzly-framework-2.1.2.jar:/home/smallette/.m2/repository/org/glassfish/gmbal/gmbal-api-only/3.0.0-b023/gmbal-api-only-3.0.0-b023.jar:/home/smallette/.m2/repository/org/glassfish/external/management-api/3.0.0-b012/management-api-3.0.0-b012.jar:/home/smallette/.m2/repository/javax/servlet/javax.servlet-api/3.0.1/javax.servlet-api-3.0.1.jar:/home/smallette/.m2/repository/log4j/log4j/1.2.14/log4j-1.2.14.jar:/home/smallette/.m2/repository/commons-configuration/commons-configuration/1.6/commons-configuration-1.6.jar:/home/smallette/.m2/repository/commons-collections/commons-collections/3.2.1/commons-collections-3.2.1.jar:/home/smallette/.m2/repository/commons-lang/commons-lang/2.4/commons-lang-2.4.jar:/home/smallette/.m2/repository/commons-logging/commons-logging/1.1.1/commons-logging-1.1.1.jar:/home/smallette/.m2/repository/commons-digester/commons-digester/1.8/commons-digester-1.8.jar:/home/smallette/.m2/repository/commons-beanutils/commons-beanutils/1.7.0/commons-beanutils-1.7.0.jar:/home/smallette/.m2/repository/commons-beanutils/commons-beanutils-core/1.8.0/commons-beanutils-core-1.8.0.jar:/home/smallette/.m2/repository/commons-cli/commons-cli/1.2/commons-cli-1.2.jar:/home/smallette/.m2/repository/commons-io/commons-io/2.0.1/commons-io-2.0.1.jar:/home/smallette/.m2/repository/jline/jline/0.9.94/jline-0.9.94.jar:/home/smallette/.m2/repository/junit/junit/4.5/junit-4.5.jar:/home/smallette/.m2/repository/org/jmock/jmock-junit4/2.5.1/jmock-junit4-2.5.1.jar:/home/smallette/.m2/repository/org/jmock/jmock/2.5.1/jmock-2.5.1.jar:/home/smallette/.m2/repository/org/hamcrest/hamcrest-core/1.1/hamcrest-core-1.1.jar:/home/smallette/.m2/repository/org/hamcrest/hamcrest-library/1.1/hamcrest-library-1.1.jar:/home/smallette/.m2/repository/junit/junit-dep/4.4/junit-dep-4.4.jar:/home/smallette/.m2/repository/com/sun/jersey/jersey-test-framework/jersey-test-framework-grizzly2/1.11/jersey-test-framework-grizzly2-1.11.jar:/home/smallette/.m2/repository/com/sun/jersey/jersey-test-framework/jersey-test-framework-core/1.11/jersey-test-framework-core-1.11.jar:/home/smallette/.m2/repository/com/sun/jersey/jersey-grizzly2-servlet/1.11/jersey-grizzly2-servlet-1.11.jar:/home/smallette/.m2/repository/org/glassfish/javax.servlet/3.1/javax.servlet-3.1.jar:"/>
    <property name="java.vm.specification.version" value="1.0"/>
    <property name="sun.arch.data.model" value="64"/>
    <property name="java.home" value="/usr/lib/jvm/java-6-sun-1.6.0.26/jre"/>
    <property name="sun.java.command" value="/home/smallette/git/rexster/rexster-server/target/surefire/surefirebooter8758736656557800938.jar /home/smallette/git/rexster/rexster-server/target/surefire/surefire6672719717444750162tmp /home/smallette/git/rexster/rexster-server/target/surefire/surefire4796443479667608554tmp"/>
    <property name="java.specification.vendor" value="Sun Microsystems Inc."/>
    <property name="user.language" value="en"/>
    <property name="java.vm.info" value="mixed mode"/>
    <property name="java.version" value="1.6.0_26"/>
    <property name="java.ext.dirs" value="/usr/lib/jvm/java-6-sun-1.6.0.26/jre/lib/ext:/usr/java/packages/lib/ext"/>
    <property name="sun.boot.class.path" value="/usr/lib/jvm/java-6-sun-1.6.0.26/jre/lib/resources.jar:/usr/lib/jvm/java-6-sun-1.6.0.26/jre/lib/rt.jar:/usr/lib/jvm/java-6-sun-1.6.0.26/jre/lib/sunrsasign.jar:/usr/lib/jvm/java-6-sun-1.6.0.26/jre/lib/jsse.jar:/usr/lib/jvm/java-6-sun-1.6.0.26/jre/lib/jce.jar:/usr/lib/jvm/java-6-sun-1.6.0.26/jre/lib/charsets.jar:/usr/lib/jvm/java-6-sun-1.6.0.26/jre/lib/modules/jdk.boot.jar:/usr/lib/jvm/java-6-sun-1.6.0.26/jre/classes"/>
    <property name="java.vendor" value="Sun Microsystems Inc."/>
    <property name="localRepository" value="/home/smallette/.m2/repository"/>
    <property name="file.separator" value="/"/>
    <property name="java.vendor.url.bug" value="http://java.sun.com/cgi-bin/bugreport.cgi"/>
    <property name="sun.cpu.endian" value="little"/>
    <property name="sun.io.unicode.encoding" value="UnicodeLittle"/>
    <property name="sun.desktop" value="gnome"/>
    <property name="sun.cpu.isalist" value=""/>
  </properties>
  <testcase time="0.001" classname="com.tinkerpop.rexster.protocol.message.SessionRequestMessageTest" name="constructEmptyConstructorEnsureFormat"/>
  <testcase time="0" classname="com.tinkerpop.rexster.protocol.message.SessionRequestMessageTest" name="constructCopyRexProMessageWrongType"/>
  <testcase time="0.001" classname="com.tinkerpop.rexster.protocol.message.SessionRequestMessageTest" name="constructCopyRexProMessage"/>
  <testcase time="0" classname="com.tinkerpop.rexster.protocol.message.SessionRequestMessageTest" name="constructAKillRequestWithBodyShouldFail"/>
</testsuite>